<?xml version="1.0" encoding="UTF-8"?>
<!-- Generated by org.testng.reporters.JUnitReportReporter -->
<testsuite hostname="II39-F9VCNN2" name="com.driverFactory.FileUploadTest" tests="1" failures="0" timestamp="15 Mar 2020 11:49:38 GMT" time="66.858" errors="0">
  <testcase name="fileUploadTest" time="66.858" classname="com.driverFactory.FileUploadTest"/>
</testsuite> <!-- com.driverFactory.FileUploadTest -->
