<?xml version="1.0" encoding="UTF-8"?>
<!-- Generated by org.testng.reporters.JUnitReportReporter -->
<testsuite hostname="II39-F9VCNN2" name="com.driverFactory.ReportsTest" tests="1" failures="0" timestamp="15 Mar 2020 11:29:44 GMT" time="31.966" errors="0">
  <testcase name="reportsTest" time="31.966" classname="com.driverFactory.ReportsTest"/>
</testsuite> <!-- com.driverFactory.ReportsTest -->
