<?xml version="1.0" encoding="UTF-8"?>
<!-- Generated by org.testng.reporters.JUnitReportReporter -->
<testsuite hostname="II39-F9VCNN2" name="com.driverFactory.LoginTest" tests="1" failures="0" timestamp="12 Mar 2020 17:16:06 GMT" time="14.051" errors="0">
  <testcase name="loginTest" time="14.051" classname="com.driverFactory.LoginTest"/>
</testsuite> <!-- com.driverFactory.LoginTest -->
