<?xml version="1.0" encoding="UTF-8"?>
<!-- Generated by org.testng.reporters.JUnitReportReporter -->
<testsuite hostname="II39-F9VCNN2" name="com.driverFactory.AddMailingTemplateTest" tests="1" failures="0" timestamp="15 Mar 2020 09:44:53 GMT" time="40.940" errors="0">
  <testcase name="multiUnitPropertyTest" time="40.940" classname="com.driverFactory.AddMailingTemplateTest"/>
</testsuite> <!-- com.driverFactory.AddMailingTemplateTest -->
